<?xml version="1.0" encoding="UTF-8"?>
<!-- Generated by org.testng.reporters.JUnitReportReporter -->
<testsuite name="Test1.IE_Lanch" tests="1" time="16.083" ignored="0" failures="0" timestamp="27 Dec 2019 16:04:26 GMT" skipped="0" hostname="DESKTOP-AU5HP1K" errors="0">
  <testcase name="browser" time="16.083" classname="Test1.IE_Lanch"/>
</testsuite> <!-- Test1.IE_Lanch -->
