<?xml version="1.0" encoding="UTF-8"?>
<!-- Generated by org.testng.reporters.JUnitReportReporter -->
<testsuite name="Test1.Tesst12" tests="1" time="0.024" ignored="2" failures="0" timestamp="25 Nov 2019 15:10:13 GMT" skipped="0" hostname="DESKTOP-AU5HP1K" errors="0">
  <testcase name="sai09" time="0.024" classname="Test1.Tesst12"/>
  <testcase name="sai10" classname="Test1.Tesst12">
    <skipped/>
  </testcase> <!-- sai10 -->
  <testcase name="sai11" classname="Test1.Tesst12">
    <skipped/>
  </testcase> <!-- sai11 -->
</testsuite> <!-- Test1.Tesst12 -->
