<?xml version="1.0" encoding="UTF-8"?>
<!-- Generated by org.testng.reporters.JUnitReportReporter -->
<testsuite name="Facebook.MutipleBrowsers" tests="2" time="0.028" ignored="0" failures="0" timestamp="25 Oct 2019 05:20:50 GMT" skipped="0" hostname="DESKTOP-AU5HP1K" errors="0">
  <testcase name="Browsers" time="0.016" classname="Facebook.MutipleBrowsers"/>
  <testcase name="Browsers" time="0.012" classname="Facebook.MutipleBrowsers"/>
</testsuite> <!-- Facebook.MutipleBrowsers -->
