<?xml version="1.0" encoding="UTF-8"?>
<!-- Generated by org.testng.reporters.JUnitReportReporter -->
<testsuite name="Facebook.rtert" tests="2" time="4.402" ignored="0" failures="0" timestamp="27 Nov 2019 02:38:51 GMT" skipped="0" hostname="DESKTOP-AU5HP1K" errors="0">
  <testcase name="verifyURL" time="0.028" classname="Facebook.rtert"/>
  <testcase name="URL" time="4.374" classname="Facebook.rtert"/>
</testsuite> <!-- Facebook.rtert -->
